synthesis:  version Diamond (64-bit) 3.14.0.75.2

Copyright (c) 1991-1994 by NeoCAD Inc. All rights reserved.
Copyright (c) 1995 AT&T Corp.   All rights reserved.
Copyright (c) 1995-2001 Lucent Technologies Inc.  All rights reserved.
Copyright (c) 2001 Agere Systems   All rights reserved.
Copyright (c) 2002-2024 Lattice Semiconductor Corporation,  All rights reserved.
Mon Jun 22 13:22:00 2026


Command Line:  synthesis -f TimingCard_impl1_lattice.synproj -gui -msgset C:/Users/ARN_s/Instrumentation-Control-Firmware/TimingCard/promote.xml 

Synthesis options:
The -a option is MachXO2.
The -s option is 6.
The -t option is TQFP144.
The -d option is LCMXO2-7000HC.
Using package TQFP144.
Using performance grade 6.
                                                          

##########################################################

### Lattice Family : MachXO2

### Device  : LCMXO2-7000HC

### Package : TQFP144

### Speed   : 6

##########################################################

                                                          

INFO - synthesis: User-Selected Strategy Settings
Optimization goal = Balanced
Top-level module name = top.
Target frequency = 200.000000 MHz.
Maximum fanout = 1000.
Timing path count = 3
BRAM utilization = 100.000000 %
DSP usage = true
DSP utilization = 100.000000 %
fsm_encoding_style = auto
resolve_mixed_drivers = 0
fix_gated_clocks = 1

Mux style = Auto
Use Carry Chain = true
carry_chain_length = 0
Loop Limit = 1950.
Use IO Insertion = TRUE
Use IO Reg = AUTO

Resource Sharing = TRUE
Propagate Constants = TRUE
Remove Duplicate Registers = TRUE
force_gsr = auto
ROM style = auto
RAM style = auto
The -comp option is FALSE.
The -syn option is FALSE.
-p C:/Users/ARN_s/Instrumentation-Control-Firmware/TimingCard (searchpath added)
-p C:/lscc/diamond/3.14/ispfpga/xo2c00/data (searchpath added)
-p C:/Users/ARN_s/Instrumentation-Control-Firmware/TimingCard/impl1 (searchpath added)
-p C:/Users/ARN_s/Instrumentation-Control-Firmware/TimingCard (searchpath added)
Verilog design file = C:/Users/ARN_s/Instrumentation-Control-Firmware/TimingCard/top.v
Verilog design file = C:/Users/ARN_s/Instrumentation-Control-Firmware/TimingCard/timingcard_spi_decoder.v
Verilog design file = C:/Users/ARN_s/Instrumentation-Control-Firmware/TimingCard/timingcard_schedule_store.v
Verilog design file = C:/Users/ARN_s/Instrumentation-Control-Firmware/TimingCard/timingcard_action_queue.v
Verilog design file = C:/Users/ARN_s/Instrumentation-Control-Firmware/TimingCard/timingcard_event_queue.v
Verilog design file = C:/Users/ARN_s/Instrumentation-Control-Firmware/TimingCard/timingcard_gpio_bank.v
Verilog design file = C:/Users/ARN_s/Instrumentation-Control-Firmware/TimingCard/timingcard_pwm_channel.v
Verilog design file = C:/Users/ARN_s/Instrumentation-Control-Firmware/TimingCard/timingcard_spi_write_cdc.v
NGD file = TimingCard_impl1.ngd
-sdc option: SDC file input not used.
-lpf option: Output file option is ON.
Hardtimer checking is enabled (default). The -dt option is not used.
The -r option is OFF. [ Remove LOC Properties is OFF. ]
Technology check ok...

Analyzing Verilog file C:/lscc/diamond/3.14/ispfpga/userware/NT/SYNTHESIS_HEADERS/machxo2.v. VERI-1482
Compile design.
Compile Design Begin
Analyzing Verilog file c:/users/arn_s/instrumentation-control-firmware/timingcard/top.v. VERI-1482
INFO - synthesis: c:/users/arn_s/instrumentation-control-firmware/timingcard/top.v(1): analyzing included file c:/users/arn_s/instrumentation-control-firmware/timingcard/fpga_timing_regs.vh. VERI-1328
Analyzing Verilog file c:/users/arn_s/instrumentation-control-firmware/timingcard/timingcard_spi_decoder.v. VERI-1482
Analyzing Verilog file c:/users/arn_s/instrumentation-control-firmware/timingcard/timingcard_schedule_store.v. VERI-1482
INFO - synthesis: c:/users/arn_s/instrumentation-control-firmware/timingcard/timingcard_schedule_store.v(1): analyzing included file c:/users/arn_s/instrumentation-control-firmware/timingcard/fpga_timing_regs.vh. VERI-1328
Analyzing Verilog file c:/users/arn_s/instrumentation-control-firmware/timingcard/timingcard_action_queue.v. VERI-1482
Analyzing Verilog file c:/users/arn_s/instrumentation-control-firmware/timingcard/timingcard_event_queue.v. VERI-1482
Analyzing Verilog file c:/users/arn_s/instrumentation-control-firmware/timingcard/timingcard_gpio_bank.v. VERI-1482
Analyzing Verilog file c:/users/arn_s/instrumentation-control-firmware/timingcard/timingcard_pwm_channel.v. VERI-1482
INFO - synthesis: c:/users/arn_s/instrumentation-control-firmware/timingcard/timingcard_pwm_channel.v(1): analyzing included file c:/users/arn_s/instrumentation-control-firmware/timingcard/fpga_timing_regs.vh. VERI-1328
Analyzing Verilog file c:/users/arn_s/instrumentation-control-firmware/timingcard/timingcard_spi_write_cdc.v. VERI-1482
Analyzing Verilog file C:/lscc/diamond/3.14/ispfpga/userware/NT/SYNTHESIS_HEADERS/machxo2.v. VERI-1482
Top module name (Verilog): top
INFO - synthesis: c:/users/arn_s/instrumentation-control-firmware/timingcard/top.v(3): compiling module top. VERI-1018
INFO - synthesis: c:/users/arn_s/instrumentation-control-firmware/timingcard/timingcard_schedule_store.v(3): compiling module timingcard_schedule_store. VERI-1018
INFO - synthesis: c:/users/arn_s/instrumentation-control-firmware/timingcard/timingcard_spi_write_cdc.v(1): compiling module timingcard_spi_write_cdc. VERI-1018
INFO - synthesis: c:/users/arn_s/instrumentation-control-firmware/timingcard/timingcard_event_queue.v(1): compiling module timingcard_event_queue. VERI-1018
INFO - synthesis: c:/users/arn_s/instrumentation-control-firmware/timingcard/timingcard_action_queue.v(1): compiling module timingcard_action_queue. VERI-1018
INFO - synthesis: c:/users/arn_s/instrumentation-control-firmware/timingcard/timingcard_gpio_bank.v(1): compiling module timingcard_gpio_bank. VERI-1018
INFO - synthesis: c:/users/arn_s/instrumentation-control-firmware/timingcard/timingcard_pwm_channel.v(3): compiling module timingcard_pwm_channel. VERI-1018
INFO - synthesis: c:/users/arn_s/instrumentation-control-firmware/timingcard/timingcard_spi_decoder.v(1): compiling module timingcard_spi_decoder. VERI-1018
Loading NGL library 'C:/lscc/diamond/3.14/ispfpga/xo2c00a/data/xo2alib.ngl'...
Loading NGL library 'C:/lscc/diamond/3.14/ispfpga/xo2c00/data/xo2clib.ngl'...
Loading NGL library 'C:/lscc/diamond/3.14/ispfpga/mg5g00/data/mg5glib.ngl'...
Loading NGL library 'C:/lscc/diamond/3.14/ispfpga/or5g00/data/orc5glib.ngl'...
Loading device for application map from file 'xo2c7000.nph' in environment: C:/lscc/diamond/3.14/ispfpga.
Package Status:                     Final          Version 1.39.
Top-level module name = top.



######## Found 2 RTL RAMs in the design.
######## Mapping RTL RAM \u_store/u_action_queue/action_entry to 4 EBR blocks in PSEUDO_DUAL_PORT Mode

######## Mapping RTL RAM \u_store/u_event_queue/event_delta_ticks to 3 EBR blocks in PSEUDO_DUAL_PORT Mode

WARNING - synthesis: c:/users/arn_s/instrumentation-control-firmware/timingcard/timingcard_event_queue.v(35): Register \u_store/u_event_queue/event_delta_ticks_4269 is stuck at Zero. VDB-5013
GSR instance connected to net \u_spi_decoder/spi_cs_n_N_5965.
Applying 200.000000 MHz constraint to all clocks

WARNING - synthesis: No user .sdc file.
Results of NGD DRC are available in top_drc.log.
Loading NGL library 'C:/lscc/diamond/3.14/ispfpga/xo2c00a/data/xo2alib.ngl'...
Loading NGL library 'C:/lscc/diamond/3.14/ispfpga/xo2c00/data/xo2clib.ngl'...
Loading NGL library 'C:/lscc/diamond/3.14/ispfpga/mg5g00/data/mg5glib.ngl'...
Loading NGL library 'C:/lscc/diamond/3.14/ispfpga/or5g00/data/orc5glib.ngl'...
All blocks are expanded and NGD expansion is successful.
Writing NGD file TimingCard_impl1.ngd.

################### Begin Area Report (top)######################
Number of register bits => 5551 of 7209 (77 % )
CCU2D => 956
FD1P3AX => 2014
FD1P3AY => 81
FD1P3IX => 3188
FD1P3JX => 1
FD1S3AX => 260
FD1S3IX => 7
GSR => 1
IB => 4
INV => 1
L6MUX21 => 39
LUT4 => 3743
MUX21 => 4
OB => 47
PDPW8KC => 7
PFUMX => 195
################### End Area Report ##################

################### Begin BlackBox Report ######################
TSALL => 1
################### End BlackBox Report ##################

################### Begin Clock Report ######################
Clock Nets
Number of Clocks: 2
  Net : clk_c, loads : 5277
  Net : spi_sck_c, loads : 272
Clock Enable Nets
Number of Clock Enables: 260
Top 10 highest fanout Clock Enables:
  Net : u_store/u_write_cdc/cmd_addr_15__N_414, loads : 50
  Net : u_spi_decoder/spi_sck_c_enable_221, loads : 50
  Net : spi_sck_c_enable_198, loads : 48
  Net : u_store/u_action_queue/clk_c_enable_322, loads : 33
  Net : u_store/u_gpio_bank/gen_pwm_channels_8..u_pwm_channel/clk_c_enable_3226, loads : 32
  Net : u_store/u_gpio_bank/gen_pwm_channels_7..u_pwm_channel/clk_c_enable_3307, loads : 32
  Net : u_store/u_gpio_bank/gen_pwm_channels_20..u_pwm_channel/clk_c_enable_2249, loads : 32
  Net : u_store/u_gpio_bank/gen_pwm_channels_22..u_pwm_channel/clk_c_enable_2087, loads : 32
  Net : u_store/u_gpio_bank/gen_pwm_channels_23..u_pwm_channel/clk_c_enable_2006, loads : 32
  Net : u_store/u_gpio_bank/gen_pwm_channels_0..u_pwm_channel/clk_c_enable_4349, loads : 32
Highest fanout non-clock nets
Top 10 highest fanout non-clock nets:
  Net : u_store/u_action_queue/n29940, loads : 401
  Net : u_store/u_action_queue/n29939, loads : 401
  Net : u_store/u_action_queue/n29946, loads : 400
  Net : u_store/u_gpio_bank/n29938, loads : 349
  Net : u_store/u_action_queue/n29884, loads : 203
  Net : u_store/u_action_queue/n29928, loads : 201
  Net : u_store/u_gpio_bank/n8, loads : 199
  Net : u_store/u_write_cdc/cmd_data_1, loads : 198
  Net : u_store/u_gpio_bank/n29937, loads : 196
  Net : u_store/u_action_queue/n29933, loads : 195
################### End Clock Report ##################

Timing Report Summary
--------------
--------------------------------------------------------------------------------
Constraint                              |   Constraint|       Actual|Levels
--------------------------------------------------------------------------------
                                        |             |             |
create_clock -period 5.000000 -name     |             |             |
clk1 [get_nets clk_c]                   |  200.000 MHz|   47.263 MHz|    56 *
                                        |             |             |
create_clock -period 5.000000 -name     |             |             |
clk0 [get_nets spi_sck_c]               |  200.000 MHz|   13.050 MHz|    32 *
                                        |             |             |
--------------------------------------------------------------------------------


2 constraints not met.


Peak Memory Usage: 195.344  MB

--------------------------------------------------------------
Elapsed CPU time for LSE flow : 16.328  secs
--------------------------------------------------------------
